<?xml version="1.0" encoding="UTF-8"?>
<testsuite name="CinemaTests" tests="1" skipped="0" failures="0" errors="0" timestamp="2023-10-17T04:19:19" hostname="Mohameds-MacBook-Pro.local" time="2.196">
  <properties/>
  <testcase name="start" classname="CinemaTests" time="2.196"/>
  <system-out><![CDATA[?[1;31m
Start test 1?[0m
?[0;34m
?[0m?[0;34m  .   ____          _            __ _ _
?[0m?[0;34m /\\ / ___'_ __ _ _(_)_ __  __ _ \ \ \ \
?[0m?[0;34m( ( )\___ | '_ | '_| | '_ \/ _` | \ \ \ \
?[0m?[0;34m \\/  ___)| |_)| | | | | || (_| |  ) ) ) )
?[0m?[0;34m  '  |____| .__|_| |_|_| |_\__, | / / / /
?[0m?[0;34m =========|_|==============|___/=/_/_/_/
?[0m?[0;34m :: Spring Boot ::                (v3.0.2)
?[0m?[0;34m
?[0m?[0;34m2023-10-17T07:19:19.614+03:00  INFO 52032 --- [    Test worker] cinema.Main                              : Starting Main using Java 17.0.8 with PID 52032 (started by khafaga in /Users/khafaga/code/playground/Cinema Room REST Service (Java)/Cinema Room REST Service (Java)/task)
?[0m?[0;34m2023-10-17T07:19:19.618+03:00  INFO 52032 --- [    Test worker] cinema.Main                              : No active profile set, falling back to 1 default profile: "default"
?[0m?[0;34m2023-10-17T07:19:20.474+03:00  INFO 52032 --- [    Test worker] o.s.b.w.embedded.tomcat.TomcatWebServer  : Tomcat initialized with port(s): 28852 (http)
?[0m?[0;34m2023-10-17T07:19:20.483+03:00  INFO 52032 --- [    Test worker] o.apache.catalina.core.StandardService   : Starting service [Tomcat]
?[0m?[0;34m2023-10-17T07:19:20.483+03:00  INFO 52032 --- [    Test worker] o.apache.catalina.core.StandardEngine    : Starting Servlet engine: [Apache Tomcat/10.1.5]
?[0m?[0;34m2023-10-17T07:19:20.559+03:00  INFO 52032 --- [    Test worker] o.a.c.c.C.[Tomcat].[localhost].[/]       : Initializing Spring embedded WebApplicationContext
?[0m?[0;34m2023-10-17T07:19:20.562+03:00  INFO 52032 --- [    Test worker] w.s.c.ServletWebServerApplicationContext : Root WebApplicationContext: initialization completed in 902 ms
?[0m?[0;34m2023-10-17T07:19:20.983+03:00  INFO 52032 --- [    Test worker] o.s.b.a.e.web.EndpointLinksResolver      : Exposing 14 endpoint(s) beneath base path '/actuator'
?[0m?[0;34m2023-10-17T07:19:21.030+03:00  INFO 52032 --- [    Test worker] o.s.b.w.embedded.tomcat.TomcatWebServer  : Tomcat started on port(s): 28852 (http) with context path ''
?[0m?[0;34m2023-10-17T07:19:21.042+03:00  INFO 52032 --- [    Test worker] cinema.Main                              : Started Main in 1.681 seconds (process running for 2.343)
?[0;34m2023-10-17T07:19:21.279+03:00  INFO 52032 --- [io-28852-exec-1] o.a.c.c.C.[Tomcat].[localhost].[/]       : Initializing Spring DispatcherServlet 'dispatcherServlet'
?[0m?[0;34m2023-10-17T07:19:21.279+03:00  INFO 52032 --- [io-28852-exec-1] o.s.web.servlet.DispatcherServlet        : Initializing Servlet 'dispatcherServlet'
?[0m?[0;34m2023-10-17T07:19:21.280+03:00  INFO 52032 --- [io-28852-exec-1] o.s.web.servlet.DispatcherServlet        : Completed initialization in 0 ms
?[0m?[1;31m
Start test 2?[0m
]]></system-out>
  <system-err><![CDATA[]]></system-err>
</testsuite>
